<?xml version="1.0" encoding="UTF-8"?>
<testng-results ignored="0" total="1" passed="1" failed="0" skipped="0">
  <reporter-output>
  </reporter-output>
  <suite started-at="2025-05-23T16:13:44 IST" name="Default suite" finished-at="2025-05-23T16:14:01 IST" duration-ms="16295">
    <groups>
      <group name="cucumber">
        <method signature="AbstractTestNGCucumberTests.runScenario(io.cucumber.testng.PickleWrapper,io.cucumber.testng.FeatureWrapper)[pri:0, instance:cucumber.options.TestRunner@536f2a7e]" name="runScenario" class="io.cucumber.testng.AbstractTestNGCucumberTests"/>
      </group> <!-- cucumber -->
    </groups>
    <test started-at="2025-05-23T16:13:44 IST" name="Default test" finished-at="2025-05-23T16:14:01 IST" duration-ms="16295">
      <class name="cucumber.options.TestRunner">
        <test-method is-config="true" signature="setUpClass(org.testng.ITestContext)[pri:0, instance:cucumber.options.TestRunner@536f2a7e]" started-at="2025-05-23T16:13:44 IST" name="setUpClass" finished-at="2025-05-23T16:13:45 IST" duration-ms="301" status="PASS">
          <params>
            <param index="0">
              <value>
                <![CDATA[org.testng.TestRunner@59c04bee]]>
              </value>
            </param>
          </params>
          <reporter-output>
          </reporter-output>
        </test-method> <!-- setUpClass -->
        <test-method signature="runScenario(io.cucumber.testng.PickleWrapper,io.cucumber.testng.FeatureWrapper)[pri:0, instance:cucumber.options.TestRunner@536f2a7e]" started-at="2025-05-23T16:13:45 IST" name="runScenario" description="Runs Cucumber Scenarios" data-provider="scenarios" finished-at="2025-05-23T16:14:01 IST" duration-ms="15911" status="PASS">
          <params>
            <param index="0">
              <value>
                <![CDATA["Title of your scenario"]]>
              </value>
            </param>
            <param index="1">
              <value>
                <![CDATA["Title of your feature"]]>
              </value>
            </param>
          </params>
          <reporter-output>
          </reporter-output>
        </test-method> <!-- runScenario -->
        <test-method is-config="true" signature="tearDownClass()[pri:0, instance:cucumber.options.TestRunner@536f2a7e]" started-at="2025-05-23T16:14:01 IST" name="tearDownClass" finished-at="2025-05-23T16:14:01 IST" duration-ms="6" status="PASS">
          <reporter-output>
          </reporter-output>
        </test-method> <!-- tearDownClass -->
      </class> <!-- cucumber.options.TestRunner -->
    </test> <!-- Default test -->
  </suite> <!-- Default suite -->
</testng-results>
